<?xml version="1.0" encoding="UTF-8"?>
<!-- Generated by org.testng.reporters.JUnitXMLReporter -->
<testsuite ignored="0" hostname="LAPTOP-VH36USAN" failures="0" tests="4" name="Test" time="6.462" errors="0" timestamp="21 Apr 2024 10:31:03 GMT">
  <testcase classname="chaining.createUser" name="test_createUser" time="2.819"/>
  <testcase classname="chaining.getUser" name="getUser" time="1.356"/>
  <testcase classname="chaining.updateUser" name="test_createUser" time="1.147"/>
  <testcase classname="chaining.deleteUser" name="getUser" time="1.114"/>
</testsuite> <!-- Test -->
