<?xml version="1.0" encoding="UTF-8"?>
<!-- Generated by org.testng.reporters.JUnitXMLReporter -->
<testsuite hostname="LAPTOP-VH36USAN" ignored="0" name="Test" tests="3" failures="0" timestamp="20 Apr 2024 15:15:40 GMT" time="3.768" errors="0">
  <testcase name="getHeaders" time="1.234" classname="RestAssuredTest.RestAssuredTest.cookiesAndHeaders"/>
  <testcase name="testHeaders" time="0.516" classname="RestAssuredTest.RestAssuredTest.cookiesAndHeaders"/>
  <testcase name="createUser" time="2.017" classname="RestAssuredTest.RestAssuredTest.HttpRequest"/>
</testsuite> <!-- Test -->
