<?xml version="1.0" encoding="UTF-8"?>
<testsuite xmlns:xsi="http://www.w3.org/2001/XMLSchema-instance" xsi:noNamespaceSchemaLocation="https://maven.apache.org/surefire/maven-surefire-plugin/xsd/surefire-test-report-3.0.xsd" version="3.0" name="TestSuite" time="4.932" tests="3" errors="0" skipped="0" failures="0">
  <properties>
[...]
</properties>
  <testcase name="getHeaders" classname="RestAssuredTest.RestAssuredTest.cookiesAndHeaders" time="1.25">
    <system-out><![CDATA[[TestNGContentHandler] [WARN] It is strongly recommended to add "<!DOCTYPE suite SYSTEM "http://testng.org/testng-1.0.dtd" >" at the top of your file, otherwise TestNG may fail or not work as expected.
Date   Sat, 20 Apr 2024 15:15:37 GMT
Expires   -1
Cache-Control   private, max-age=0
Content-Type   text/html; charset=ISO-8859-1
Content-Security-Policy-Report-Only   object-src 'none';base-uri 'self';script-src 'nonce-b2BIdAjffsujQrONovg_ZQ' 'strict-dynamic' 'report-sample' 'unsafe-eval' 'unsafe-inline' https: http:;report-uri https://csp.withgoogle.com/csp/gws/other-hp
P3P   CP="This is not a P3P policy! See g.co/p3phelp for more info."
Content-Encoding   gzip
Server   gws
X-XSS-Protection   0
X-Frame-Options   SAMEORIGIN
Set-Cookie   1P_JAR=2024-04-20-15; expires=Mon, 20-May-2024 15:15:37 GMT; path=/; domain=.google.com; Secure
Set-Cookie   AEC=AQTF6Hw4uV8cdEm23w3SkcJ5fpD8AymelihxgrXvpVwGNylAEhBhOMTtLik; expires=Thu, 17-Oct-2024 15:15:37 GMT; path=/; domain=.google.com; Secure; HttpOnly; SameSite=lax
Set-Cookie   NID=513=UyiQ2I8g8fSOQ2pqfUH1O5_b5oJ67wqGUKmwi87OX1VyUwogbQou6XCCJlG06w1IBeIUiuA7oC5B9j3h9X18ZnV2BlQODiNa0kK7MjwTLwcAJWbm7YzNchqqIyFHJbWDPZN1iWgkOSyNNFpNkWTqn57u6mVzzGMpNecYDbsO0xg; expires=Sun, 20-Oct-2024 15:15:37 GMT; path=/; domain=.google.com; HttpOnly
Alt-Svc   h3=":443"; ma=2592000,h3-29=":443"; ma=2592000
Transfer-Encoding   chunked
]]></system-out>
  </testcase>
  <testcase name="testHeaders" classname="RestAssuredTest.RestAssuredTest.cookiesAndHeaders" time="0.499">
    <system-out><![CDATA[HTTP/1.1 200 OK
Date: Sat, 20 Apr 2024 15:15:37 GMT
Expires: -1
Cache-Control: private, max-age=0
Content-Type: text/html; charset=ISO-8859-1
Content-Security-Policy-Report-Only: object-src 'none';base-uri 'self';script-src 'nonce-kewtLbGch_9geXqYK6GNcQ' 'strict-dynamic' 'report-sample' 'unsafe-eval' 'unsafe-inline' https: http:;report-uri https://csp.withgoogle.com/csp/gws/other-hp
P3P: CP="This is not a P3P policy! See g.co/p3phelp for more info."
Content-Encoding: gzip
Server: gws
X-XSS-Protection: 0
X-Frame-Options: SAMEORIGIN
Set-Cookie: AEC=AQTF6HzeYDq370QXSGMl9A-8zav_M8TgbOxsMSFg8Y53yXsv_ZpOwsnvqg; expires=Thu, 17-Oct-2024 15:15:37 GMT; path=/; domain=.google.com; Secure; HttpOnly; SameSite=lax
Set-Cookie: NID=513=FE-nlNWBCoDp1y5zyLx8EDkf9OxANCwIEowoazn25laPvO_TBnLddvRSVA1Z4lB-wu6z3WqHs3Arx4PfRjqyAYEGq0sBpAkB9HtZAVjigFZuiuZeL5XxOdwLn_uwp1f8SsWzDR_9Nh5PgdhRzKjx0zy_xEsZJ2-Dy6fTMX3y3wo; expires=Sun, 20-Oct-2024 15:15:37 GMT; path=/; domain=.google.com; HttpOnly
Alt-Svc: h3=":443"; ma=2592000,h3-29=":443"; ma=2592000
Transfer-Encoding: chunked

<html lang="en-IN" itemscope="" itemtype="http://schema.org/WebPage">
  <head>
    <meta http-equiv="Content-Type" content="text/html; charset=UTF-8"/>
    <meta content="/images/branding/googleg/1x/googleg_standard_color_128dp.png" itemprop="image"/>
    <title>Google</title>
    <script nonce="kewtLbGch_9geXqYK6GNcQ">(function(){var _g={kEI:'GdwjZpSXM66Zvr0PzNS_yAQ',kEXPI:'0,1365467,5011,2329799,1033,424527,53691,4998,52808,2711,2872,2891,73050,16105,230,1014,1,16916,19872,25549,43878,6648,7596,1,11942,30212,2,16737,23024,6700,41948,24670,30151,2913,2,2,1,23825,801,10161,23351,22435,9779,42459,3141,17057,33565,39614,3030,15816,1804,7734,27535,13446,40384,3081,12896,5209142,1296,1346,5993322,471,2838894,1,1,1,3,1,2,2,12,2,10,13,10,67,56,6,26708644,1273939,16673,43886,3,318,4,1281,3,2121779,2584,23029351,8163,10336,2709,8027,8639,17448,2942,6,7629,3478,8878,18627,1,5886,1922,8578,2,9,2370,6407,8049,5796,2624,10329,2212,7981,200,391,959,6567,5328,4502,4,2964,2247,8834,15841,432,1361,1139,2080,6866,7766,2905,319,360,239,48,1213,2,611,422,706,3748,123,32,2,1688,794,1508,7438,847,29,2608,1074,2409,1512,2242,1572,8,5184,110,1296,2,442,984,1114,968,538,28,1963,177,925,23,183,122,414,2254,549,4,123,293,481,1175,592,340,707,1984,660,464,463,1,2014,379,474,2,4,1625,181,1362,1420,319,1076,39,339,2,2,9,3,375,3,926,758,214,181,889,2,443,1089,496,111,195,344,1,28,374,125,298,80,140,246,2,91,416,136,24,2077,306,800,41,268,2,2,470,179,141,935,696,124,4,333,76,990,462,188,595,992,4,123,2,405,68,600,426,799,2,1,683,612,151,51,5,2,152,24,1904,75,1335,1396,125,110,735,145,178,796,3,5,1692,76,580,138,253,1,155,1,1139,761,743,113,616,3,156,811,51,2,453,63,74,299,628,367,191,824,21267367,365635,3,3768,1479,3047,2025,139,533,1095,5,1976,257,286,117,3322110',kBL:'tw8q',kOPI:89978449};(function(){var a;(null==(a=window.google)?0:a.stvsc)?google.kEI=_g.kEI:window.google=_g;}).call(this);})();(function(){google.sn='webhp';google.kHL='en-IN';})();(function(){
var h=this||self;function l(){return void 0!==window.google&amp;&amp;void 0!==window.google.kOPI&amp;&amp;0!==window.google.kOPI?window.google.kOPI:null};var m,n=[];function p(a){for(var b;a&amp;&amp;(!a.getAttribute||!(b=a.getAttribute("eid")));)a=a.parentNode;return b||m}function q(a){for(var b=null;a&amp;&amp;(!a.getAttribute||!(b=a.getAttribute("leid")));)a=a.parentNode;return b}function r(a){/^http:/i.test(a)&amp;&amp;"https:"===window.location.protocol&amp;&amp;(google.ml&amp;&amp;google.ml(Error("a"),!1,{src:a,glmm:1}),a="");return a}
function t(a,b,c,d,k){var e="";-1===b.search("&amp;ei=")&amp;&amp;(e="&amp;ei="+p(d),-1===b.search("&amp;lei=")&amp;&amp;(d=q(d))&amp;&amp;(e+="&amp;lei="+d));d="";var g=-1===b.search("&amp;cshid=")&amp;&amp;"slh"!==a,f=[];f.push(["zx",Date.now().toString()]);h._cshid&amp;&amp;g&amp;&amp;f.push(["cshid",h._cshid]);c=c();null!=c&amp;&amp;f.push(["opi",c.toString()]);for(c=0;c&lt;f.length;c++){if(0===c||0&lt;c)d+="&amp;";d+=f[c][0]+"="+f[c][1]}return"/"+(k||"gen_204")+"?atyp=i&amp;ct="+String(a)+"&amp;cad="+(b+e+d)};m=google.kEI;google.getEI=p;google.getLEI=q;google.ml=function(){return null};google.log=function(a,b,c,d,k,e){e=void 0===e?l:e;c||(c=t(a,b,e,d,k));if(c=r(c)){a=new Image;var g=n.length;n[g]=a;a.onerror=a.onload=a.onabort=function(){delete n[g]};a.src=c}};google.logUrl=function(a,b){b=void 0===b?l:b;return t("",a,b)};}).call(this);(function(){google.y={};google.sy=[];google.x=function(a,b){if(a)var c=a.id;else{do c=Math.random();while(google.y[c])}google.y[c]=[a,b];return!1};google.sx=function(a){google.sy.push(a)};google.lm=[];google.plm=function(a){google.lm.push.apply(google.lm,a)};google.lq=[];google.load=function(a,b,c){google.lq.push([[a],b,c])};google.loadAll=function(a,b){google.lq.push([a,b])};google.bx=!1;google.lx=function(){};var d=[];google.fce=function(a,b,c,e){d.push([a,b,c,e])};google.qce=d;}).call(this);google.f={};(function(){
document.documentElement.addEventListener("submit",function(b){var a;if(a=b.target){var c=a.getAttribute("data-submitfalse");a="1"===c||"q"===c&amp;&amp;!a.elements.q.value?!0:!1}else a=!1;a&amp;&amp;(b.preventDefault(),b.stopPropagation())},!0);document.documentElement.addEventListener("click",function(b){var a;a:{for(a=b.target;a&amp;&amp;a!==document.documentElement;a=a.parentElement)if("A"===a.tagName){a="1"===a.getAttribute("data-nohref");break a}a=!1}a&amp;&amp;b.preventDefault()},!0);}).call(this);</script>
    <style>#gbar,#guser{font-size:13px;padding-top:1px !important;}#gbar{height:22px}#guser{padding-bottom:7px !important;text-align:right}.gbh,.gbd{border-top:1px solid #c9d7f1;font-size:1px}.gbh{height:0;position:absolute;top:24px;width:100%}@media all{.gb1{height:22px;margin-right:.5em;vertical-align:top}#gbar{float:left}}a.gb1,a.gb4{text-decoration:underline !important}a.gb1,a.gb4{color:#00c !important}.gbi .gb4{color:#dd8e27 !important}.gbf .gb4{color:#900 !important}
</style>
    <style>body,td,a,p,.h{font-family:arial,sans-serif}body{margin:0;overflow-y:scroll}#gog{padding:3px 8px 0}td{line-height:.8em}.gac_m td{line-height:17px}form{margin-bottom:20px}.h{color:#1967d2}em{font-weight:bold;font-style:normal}.lst{height:25px;width:496px}.gsfi,.lst{font:18px arial,sans-serif}.gsfs{font:17px arial,sans-serif}.ds{display:inline-box;display:inline-block;margin:3px 0 4px;margin-left:4px}input{font-family:inherit}body{background:#fff;color:#000}a{color:#681da8;text-decoration:none}a:hover,a:active{text-decoration:underline}.fl a{color:#1967d2}a:visited{color:#681da8}.sblc{padding-top:5px}.sblc a{display:block;margin:2px 0;margin-left:13px;font-size:11px}.lsbb{background:#f8f9fa;border:solid 1px;border-color:#dadce0 #70757a #70757a #dadce0;height:30px}.lsbb{display:block}#WqQANb a{display:inline-block;margin:0 12px}.lsb{background:url(/images/nav_logo229.png) 0 -261px repeat-x;color:#000;border:none;cursor:pointer;height:30px;margin:0;outline:0;font:15px arial,sans-serif;vertical-align:top}.lsb:active{background:#dadce0}.lst:focus{outline:none}</style>
    <script nonce="kewtLbGch_9geXqYK6GNcQ">(function(){window.google.erd={jsr:1,bv:1991,de:true};
var h=this||self;var k,l=null!=(k=h.mei)?k:1,n,p=null!=(n=h.sdo)?n:!0,q=0,r,t=google.erd,v=t.jsr;google.ml=function(a,b,d,m,e){e=void 0===e?2:e;b&amp;&amp;(r=a&amp;&amp;a.message);void 0===d&amp;&amp;(d={});d.cad="ple_"+google.ple+".aple_"+google.aple;if(google.dl)return google.dl(a,e,d,!0),null;b=d;if(0&gt;v){window.console&amp;&amp;console.error(a,b);if(-2===v)throw a;b=!1}else b=!a||!a.message||"Error loading script"===a.message||q&gt;=l&amp;&amp;!m?!1:!0;if(!b)return null;q++;d=d||{};b=encodeURIComponent;var c="/gen_204?atyp=i&amp;ei="+b(google.kEI);google.kEXPI&amp;&amp;(c+="&amp;jexpid="+b(google.kEXPI));c+="&amp;srcpg="+b(google.sn)+"&amp;jsr="+b(t.jsr)+
"&amp;bver="+b(t.bv);var f=a.lineNumber;void 0!==f&amp;&amp;(c+="&amp;line="+f);var g=a.fileName;g&amp;&amp;(0&lt;g.indexOf("-extension:/")&amp;&amp;(e=3),c+="&amp;script="+b(g),f&amp;&amp;g===window.location.href&amp;&amp;(f=document.documentElement.outerHTML.split("\n")[f],c+="&amp;cad="+b(f?f.substring(0,300):"No script found.")));google.ple&amp;&amp;1===google.ple&amp;&amp;(e=2);c+="&amp;jsel="+e;for(var u in d)c+="&amp;",c+=b(u),c+="=",c+=b(d[u]);c=c+"&amp;emsg="+b(a.name+": "+a.message);c=c+"&amp;jsst="+b(a.stack||"N/A");12288&lt;=c.length&amp;&amp;(c=c.substr(0,12288));a=c;m||google.log(0,"",a);return a};window.onerror=function(a,b,d,m,e){r!==a&amp;&amp;(a=e instanceof Error?e:Error(a),void 0===d||"lineNumber"in a||(a.lineNumber=d),void 0===b||"fileName"in a||(a.fileName=b),google.ml(a,!1,void 0,!1,"SyntaxError"===a.name||"SyntaxError"===a.message.substring(0,11)||-1!==a.message.indexOf("Script error")?3:0));r=null;p&amp;&amp;q&gt;=l&amp;&amp;(window.onerror=null)};})();</script>
  </head>
  <body bgcolor="#fff">
    <script nonce="kewtLbGch_9geXqYK6GNcQ">(function(){var src='/images/nav_logo229.png';var iesg=false;document.body.onload = function(){window.n &amp;&amp; window.n();if (document.images){new Image().src=src;}
if (!iesg){document.f&amp;&amp;document.f.q.focus();document.gbqf&amp;&amp;document.gbqf.q.focus();}
}
})();</script>
    <div id="mngb">
      <div id="gbar">
        <nobr>
          <b class="gb1">Search</b>
          <a shape="rect" class="gb1" href="https://www.google.com/imghp?hl=en&amp;tab=wi">Images</a>
          <a shape="rect" class="gb1" href="https://maps.google.co.in/maps?hl=en&amp;tab=wl">Maps</a>
          <a shape="rect" class="gb1" href="https://play.google.com/?hl=en&amp;tab=w8">Play</a>
          <a shape="rect" class="gb1" href="https://www.youtube.com/?tab=w1">YouTube</a>
          <a shape="rect" class="gb1" href="https://news.google.com/?tab=wn">News</a>
          <a shape="rect" class="gb1" href="https://mail.google.com/mail/?tab=wm">Gmail</a>
          <a shape="rect" class="gb1" href="https://drive.google.com/?tab=wo">Drive</a>
          <a shape="rect" class="gb1" style="text-decoration:none" href="https://www.google.co.in/intl/en/about/products?tab=wh">
            <u>More</u>
 »          </a>
        </nobr>
      </div>
      <div id="guser" width="100%">
        <nobr>
          <span class="gbi" id="gbn"/>
          <span class="gbf" id="gbf"/>
          <span id="gbe"/>
          <a shape="rect" class="gb4" href="http://www.google.co.in/history/optout?hl=en">Web History</a>
 |           <a shape="rect" class="gb4" href="/preferences?hl=en">Settings</a>
 |           <a shape="rect" class="gb4" id="gb_70" target="_top" href="https://accounts.google.com/ServiceLogin?hl=en&amp;passive=true&amp;continue=https://www.google.com/&amp;ec=GAZAAQ">Sign in</a>
        </nobr>
      </div>
      <div class="gbh" style="left:0"/>
      <div class="gbh" style="right:0"/>
    </div>
    <center>
      <br clear="all" id="lgpd"/>
      <div id="lga">
        <img id="hplogo" alt="Google" height="92" src="/images/branding/googlelogo/1x/googlelogo_white_background_color_272x92dp.png" style="padding:28px 0 14px" width="272"/>
        <br clear="none"/>
        <br clear="none"/>
      </div>
      <form enctype="application/x-www-form-urlencoded" method="get" action="/search" name="f">
        <table cellpadding="0" cellspacing="0">
          <tr valign="top">
            <td colspan="1" rowspan="1" width="25%"> </td>
            <td align="center" colspan="1" nowrap="" rowspan="1">
              <input type="hidden" name="ie" value="ISO-8859-1"/>
              <input type="hidden" value="en-IN" name="hl"/>
              <input type="hidden" name="source" value="hp"/>
              <input type="hidden" name="biw"/>
              <input type="hidden" name="bih"/>
              <div class="ds" style="height:32px;margin:4px 0">
                <input maxlength="2048" type="text" class="lst" style="margin:0;padding:5px 8px 0 6px;vertical-align:top;color:#000" autocomplete="off" value="" title="Google Search" name="q" size="57"/>
              </div>
              <br clear="none" style="line-height:0"/>
              <span class="ds">
                <span class="lsbb">
                  <input type="submit" class="lsb" value="Google Search" name="btnG"/>
                </span>
              </span>
              <span class="ds">
                <span class="lsbb">
                  <input type="submit" class="lsb" id="tsuid_1" value="I'm Feeling Lucky" name="btnI"/>
                  <script nonce="kewtLbGch_9geXqYK6GNcQ">(function(){var id='tsuid_1';document.getElementById(id).onclick = function(){if (this.form.q.value){this.checked = 1;if (this.form.iflsig)this.form.iflsig.disabled = false;}
else top.location='/doodles/';};})();</script>
                  <input type="hidden" value="ANes7DEAAAAAZiPqKfm9QOq9pw1DL0KVJ0jjOAPc_aE2" name="iflsig"/>
                </span>
              </span>
            </td>
            <td align="left" colspan="1" nowrap="" rowspan="1" class="fl sblc" width="25%">
              <a shape="rect" href="/advanced_search?hl=en-IN&amp;authuser=0">Advanced search</a>
            </td>
          </tr>
        </table>
        <input type="hidden" id="gbv" name="gbv" value="1"/>
        <script nonce="kewtLbGch_9geXqYK6GNcQ">(function(){var a,b="1";if(document&amp;&amp;document.getElementById)if("undefined"!=typeof XMLHttpRequest)b="2";else if("undefined"!=typeof ActiveXObject){var c,d,e=["MSXML2.XMLHTTP.6.0","MSXML2.XMLHTTP.3.0","MSXML2.XMLHTTP","Microsoft.XMLHTTP"];for(c=0;d=e[c++];)try{new ActiveXObject(d),b="2"}catch(h){}}a=b;if("2"==a&amp;&amp;-1==location.search.indexOf("&amp;gbv=2")){var f=google.gbvu,g=document.getElementById("gbv");g&amp;&amp;(g.value=a);f&amp;&amp;window.setTimeout(function(){location.href=f},0)};}).call(this);</script>
      </form>
      <div id="gac_scont"/>
      <div style="font-size:83%;min-height:3.5em">
        <br clear="none"/>
        <div id="gws-output-pages-elements-homepage_additional_languages__als">
          <style>#gws-output-pages-elements-homepage_additional_languages__als{font-size:small;margin-bottom:24px}#SIvCob{color:#474747;display:inline-block;line-height:28px;}#SIvCob a{padding:0 3px;}.H6sW5{display:inline-block;margin:0 2px;white-space:nowrap}.z4hgWe{display:inline-block;margin:0 2px}</style>
          <div id="SIvCob">
Google offered in:              <a shape="rect" href="https://www.google.com/setprefs?sig=0_R_pYwzUXyISlecObTdud_XIPHN4%3D&amp;hl=hi&amp;source=homepage&amp;sa=X&amp;ved=0ahUKEwjUh-XpitGFAxWujK8BHUzqD0kQ2ZgBCAU">हिन्दी</a>
            <a shape="rect" href="https://www.google.com/setprefs?sig=0_R_pYwzUXyISlecObTdud_XIPHN4%3D&amp;hl=bn&amp;source=homepage&amp;sa=X&amp;ved=0ahUKEwjUh-XpitGFAxWujK8BHUzqD0kQ2ZgBCAY">বাংলা</a>
            <a shape="rect" href="https://www.google.com/setprefs?sig=0_R_pYwzUXyISlecObTdud_XIPHN4%3D&amp;hl=te&amp;source=homepage&amp;sa=X&amp;ved=0ahUKEwjUh-XpitGFAxWujK8BHUzqD0kQ2ZgBCAc">తెలుగు</a>
            <a shape="rect" href="https://www.google.com/setprefs?sig=0_R_pYwzUXyISlecObTdud_XIPHN4%3D&amp;hl=mr&amp;source=homepage&amp;sa=X&amp;ved=0ahUKEwjUh-XpitGFAxWujK8BHUzqD0kQ2ZgBCAg">मराठी</a>
            <a shape="rect" href="https://www.google.com/setprefs?sig=0_R_pYwzUXyISlecObTdud_XIPHN4%3D&amp;hl=ta&amp;source=homepage&amp;sa=X&amp;ved=0ahUKEwjUh-XpitGFAxWujK8BHUzqD0kQ2ZgBCAk">தமிழ்</a>
            <a shape="rect" href="https://www.google.com/setprefs?sig=0_R_pYwzUXyISlecObTdud_XIPHN4%3D&amp;hl=gu&amp;source=homepage&amp;sa=X&amp;ved=0ahUKEwjUh-XpitGFAxWujK8BHUzqD0kQ2ZgBCAo">ગુજરાતી</a>
            <a shape="rect" href="https://www.google.com/setprefs?sig=0_R_pYwzUXyISlecObTdud_XIPHN4%3D&amp;hl=kn&amp;source=homepage&amp;sa=X&amp;ved=0ahUKEwjUh-XpitGFAxWujK8BHUzqD0kQ2ZgBCAs">ಕನ್ನಡ</a>
            <a shape="rect" href="https://www.google.com/setprefs?sig=0_R_pYwzUXyISlecObTdud_XIPHN4%3D&amp;hl=ml&amp;source=homepage&amp;sa=X&amp;ved=0ahUKEwjUh-XpitGFAxWujK8BHUzqD0kQ2ZgBCAw">മലയാളം</a>
            <a shape="rect" href="https://www.google.com/setprefs?sig=0_R_pYwzUXyISlecObTdud_XIPHN4%3D&amp;hl=pa&amp;source=homepage&amp;sa=X&amp;ved=0ahUKEwjUh-XpitGFAxWujK8BHUzqD0kQ2ZgBCA0">ਪੰਜਾਬੀ</a>
          </div>
        </div>
      </div>
      <span id="footer"/>
      <div style="font-size:10pt">
        <div id="WqQANb" style="margin:19px auto;text-align:center">
          <a shape="rect" href="/intl/en/ads/">Advertising</a>
          <a shape="rect" href="http://www.google.co.in/services/">Business Solutions</a>
          <a shape="rect" href="/intl/en/about.html">About Google</a>
          <a shape="rect" href="https://www.google.com/setprefdomain?prefdom=IN&amp;prev=https://www.google.co.in/&amp;sig=K_rl6HVj_qbtbOeWmzZ7_K9dIpwCs%3D">Google.co.in</a>
        </div>
      </div>
      <p style="font-size:8pt;color:#70757a">
© 2024 -         <a shape="rect" href="/intl/en/policies/privacy/">Privacy</a>
 -         <a shape="rect" href="/intl/en/policies/terms/">Terms</a>
      </p>
    </center>
    <script nonce="kewtLbGch_9geXqYK6GNcQ">(function(){window.google.cdo={height:757,width:1440};(function(){var a=window.innerWidth,b=window.innerHeight;if(!a||!b){var c=window.document,d="CSS1Compat"==c.compatMode?c.documentElement:c.body;a=d.clientWidth;b=d.clientHeight}
if(a&amp;&amp;b&amp;&amp;(a!=google.cdo.width||b!=google.cdo.height)){var e=google,f=e.log,g="/client_204?&amp;atyp=i&amp;biw="+a+"&amp;bih="+b+"&amp;ei="+google.kEI,h="",k=[],l=void 0!==window.google&amp;&amp;void 0!==window.google.kOPI&amp;&amp;0!==window.google.kOPI?window.google.kOPI:null;null!=l&amp;&amp;k.push(["opi",l.toString()]);for(var m=0;m&lt;k.length;m++){if(0===m||0&lt;m)h+="&amp;";h+=k[m][0]+"="+k[m][1]}f.call(e,"","",g+h)};}).call(this);})();</script>
    <script nonce="kewtLbGch_9geXqYK6GNcQ">(function(){google.xjs={basecomb:'',basecss:'',basejs:'',ck:'xjs.hp.0KOw3UVkg-I.L.X.O',combam:'AQAAAAEAAAAAAAAAAAAAAAAAAACAAAAAAAAAwHAAAAACAAIZAADAASAAAACQAABAEAAcREcAMABHAADgBQ',cs:'ACT90oG2WgTTCvePpGu-Q7Pgw1VkHRDsnQ',cssam:'AQAAAAEAAAAAAAAAAAAAAAAAAAAAAAAAAAAAAAAAAAACAAIZAAAAACAAAACQAABAEA',csss:'ACT90oFaYEic1UWn0EqG-QCdY328smv9OA',excm:[],jsam:'AAAAAAAAAAAAAAAAAAAAAAAAAACAAAAAAAAAwHAAAAAAAAAAAADAAQAAAAAAAAAAAAAcREcAMABHAADgBQ',jss:'ACT90oGgobW9Mh8gJAuw0EIaSmMMGIP4uw'};})();</script>
    <link href="/xjs/_/ss/k=xjs.hp.0KOw3UVkg-I.L.X.O/am=AQAAAAEAAAAAAAAAAAAAAAAAAAAAAAAAAAAAAAAAAAACAAIZAAAAACAAAACQAABAEA/d=1/ed=1/rs=ACT90oFaYEic1UWn0EqG-QCdY328smv9OA/m=sb_he,d" rel="stylesheet" nonce="kewtLbGch_9geXqYK6GNcQ"/>
    <script nonce="kewtLbGch_9geXqYK6GNcQ">(function(){var u='/xjs/_/js/k\x3dxjs.hp.en.vSb_-Y83M1k.O/am\x3dAAAAAAAAAAAAAAAAAAAAAAAAAACAAAAAAAAAwHAAAAAAAAAAAADAAQAAAAAAAAAAAAAcREcAMABHAADgBQ/d\x3d1/ed\x3d1/rs\x3dACT90oGgobW9Mh8gJAuw0EIaSmMMGIP4uw/m\x3dsb_he,d';var st=0;var amd=0;
var e=this||self,f=function(a){return a};var g;var h=function(a){this.g=a};h.prototype.toString=function(){return this.g+""};var k={};
function m(a,b){a.src=b instanceof h&amp;&amp;b.constructor===h?b.g:"type_error:TrustedResourceUrl";var c,d;(c=(b=null==(d=(c=(a.ownerDocument&amp;&amp;a.ownerDocument.defaultView||window).document).querySelector)?void 0:d.call(c,"script[nonce]"))?b.nonce||b.getAttribute("nonce")||"":"")&amp;&amp;a.setAttribute("nonce",c)};var n=function(){var a=document;var b="SCRIPT";"application/xhtml+xml"===a.contentType&amp;&amp;(b=b.toLowerCase());return a.createElement(b)};function p(a){a=null===a?"null":void 0===a?"undefined":a;if(void 0===g){var b=null;var c=e.trustedTypes;if(c&amp;&amp;c.createPolicy){try{b=c.createPolicy("goog#html",{createHTML:f,createScript:f,createScriptURL:f})}catch(d){e.console&amp;&amp;e.console.error(d.message)}g=b}else g=b}a=(b=g)?b.createScriptURL(a):a;return new h(a,k)};void 0===google.ps&amp;&amp;(google.ps=[]);function q(){var a=u,b=function(){};google.lx=google.stvsc?b:function(){r(a);google.lx=b};google.bx||google.lx()}function t(a,b){b&amp;&amp;m(a,p(b));var c=a.onload;a.onload=function(d){c&amp;&amp;c(d);google.ps=google.ps.filter(function(l){return a!==l})};google.ps.push(a);document.body.appendChild(a)}google.as=t;function r(a){google.timers&amp;&amp;google.timers.load&amp;&amp;google.tick&amp;&amp;google.tick("load","xjsls");var b=n();b.onerror=function(){google.ple=1};b.onload=function(){google.ple=0};google.xjsus=void 0;t(b,a);google.aple=-1;google.psa=!0};google.xjsu=u;e._F_jsUrl=u;var v=!1;function w(){v||(q(),v=!0)}setTimeout(function(){var a;if(a=1===st&amp;&amp;google.caft){a:{a=document.getElementsByTagName("img");for(var b=0,c=a.length;b&lt;c;b++){var d=a[b],l=Number(d.getAttribute("data-atf"))&amp;1;d=d.hasAttribute("data-lzy_");if(l&amp;&amp;d){a=!0;break a}}a=!1}a=!a}a?(window.setTimeout(w,amd),google.caft(w)):2===st&amp;&amp;google.rairicb?(window.setTimeout(w,amd),google.rairicb(w)):q()},0);})();window._ = window._ || {};window._DumpException = _._DumpException = function(e){throw e;};window._s = window._s || {};_s._DumpException = _._DumpException;window._qs = window._qs || {};_qs._DumpException = _._DumpException;(function(){var t=[1,4,0,0,0,163840,0,538734592,131072,25608,33561600,603979776,281018368,487616512,822280196,939524113,5];window._F_toggles = window._xjs_toggles = t;})();function _F_installCss(c){}
(function(){google.jl={bfl:0,dw:false,ine:false,ubm:false,uwp:true,vs:false};})();(function(){var pmc='{\x22d\x22:{},\x22sb_he\x22:{\x22agen\x22:false,\x22cgen\x22:false,\x22client\x22:\x22heirloom-hp\x22,\x22dh\x22:true,\x22ds\x22:\x22\x22,\x22fl\x22:true,\x22host\x22:\x22google.com\x22,\x22jsonp\x22:true,\x22msgs\x22:{\x22cibl\x22:\x22Clear Search\x22,\x22dym\x22:\x22Did you mean:\x22,\x22lcky\x22:\x22I\\u0026#39;m Feeling Lucky\x22,\x22lml\x22:\x22Learn more\x22,\x22psrc\x22:\x22This search was removed from your \\u003Ca href\x3d\\\x22/history\\\x22\\u003EWeb History\\u003C/a\\u003E\x22,\x22psrl\x22:\x22Remove\x22,\x22sbit\x22:\x22Search by image\x22,\x22srch\x22:\x22Google Search\x22},\x22ovr\x22:{},\x22pq\x22:\x22\x22,\x22rfs\x22:[],\x22sbas\x22:\x220 3px 8px 0 rgba(0,0,0,0.2),0 0 0 1px rgba(0,0,0,0.08)\x22,\x22stok\x22:\x22hYD_zrRLRwKjpS5DEVO2X497yR8\x22}}';google.pmc=JSON.parse(pmc);})();(function(){var b=function(a){var c=0;return function(){return c&lt;a.length?{done:!1,value:a[c++]}:{done:!0}}};
var e=this||self;var g,h;a:{for(var k=["CLOSURE_FLAGS"],l=e,n=0;n&lt;k.length;n++)if(l=l[k[n]],null==l){h=null;break a}h=l}var p=h&amp;&amp;h[610401301];g=null!=p?p:!1;var q,r=e.navigator;q=r?r.userAgentData||null:null;function t(a){return g?q?q.brands.some(function(c){return(c=c.brand)&amp;&amp;-1!=c.indexOf(a)}):!1:!1}function u(a){var c;a:{if(c=e.navigator)if(c=c.userAgent)break a;c=""}return-1!=c.indexOf(a)};function v(){return g?!!q&amp;&amp;0&lt;q.brands.length:!1}function w(){return u("Safari")&amp;&amp;!(x()||(v()?0:u("Coast"))||(v()?0:u("Opera"))||(v()?0:u("Edge"))||(v()?t("Microsoft Edge"):u("Edg/"))||(v()?t("Opera"):u("OPR"))||u("Firefox")||u("FxiOS")||u("Silk")||u("Android"))}function x(){return v()?t("Chromium"):(u("Chrome")||u("CriOS"))&amp;&amp;!(v()?0:u("Edge"))||u("Silk")}function y(){return u("Android")&amp;&amp;!(x()||u("Firefox")||u("FxiOS")||(v()?0:u("Opera"))||u("Silk"))};var z=v()?!1:u("Trident")||u("MSIE");y();x();w();Object.freeze(new function(){});Object.freeze(new function(){});var A=!z&amp;&amp;!w(),D=function(a){if(/-[a-z]/.test("ved"))return null;if(A&amp;&amp;a.dataset){if(y()&amp;&amp;!("ved"in a.dataset))return null;a=a.dataset.ved;return void 0===a?null:a}return a.getAttribute("data-"+"ved".replace(/([A-Z])/g,"-$1").toLowerCase())};var E=[],F=null;function G(a){a=a.target;var c=performance.now(),f=[],H=f.concat,d=E;if(!(d instanceof Array)){var m="undefined"!=typeof Symbol&amp;&amp;Symbol.iterator&amp;&amp;d[Symbol.iterator];if(m)d=m.call(d);else if("number"==typeof d.length)d={next:b(d)};else throw Error("a`"+String(d));for(var B=[];!(m=d.next()).done;)B.push(m.value);d=B}E=H.call(f,d,[c]);if(a&amp;&amp;a instanceof HTMLElement)if(a===F){if(c=4&lt;=E.length)c=5&gt;(E[E.length-1]-E[E.length-4])/1E3;if(c){c=google.getEI(a);a.hasAttribute("data-ved")?f=a?D(a)||"":"":f=(f=
a.closest("[data-ved]"))?D(f)||"":"";f=f||"";if(a.hasAttribute("jsname"))a=a.getAttribute("jsname");else{var C;a=null==(C=a.closest("[jsname]"))?void 0:C.getAttribute("jsname")}google.log("rcm","&amp;ei="+c+"&amp;ved="+f+"&amp;jsname="+(a||""))}}else F=a,E=[c]}window.document.addEventListener("DOMContentLoaded",function(){document.body.addEventListener("click",G)});}).call(this);</script>
  </body>
</html>
]]></system-out>
  </testcase>
  <testcase name="createUser" classname="RestAssuredTest.RestAssuredTest.HttpRequest" time="2.017"/>
</testsuite>