<?xml version="1.0" encoding="UTF-8"?>
<testng-results skipped="0" failed="0" ignored="0" total="3" passed="3">
  <reporter-output>
  </reporter-output>
  <suite name="Suite" duration-ms="3768" started-at="2024-04-20T15:15:36Z" finished-at="2024-04-20T15:15:40Z">
    <groups>
    </groups>
    <test name="Test" duration-ms="3768" started-at="2024-04-20T15:15:36Z" finished-at="2024-04-20T15:15:40Z">
      <class name="RestAssuredTest.RestAssuredTest.cookiesAndHeaders">
        <test-method status="PASS" signature="getHeaders()[pri:0, instance:RestAssuredTest.RestAssuredTest.cookiesAndHeaders@12d4bf7e]" name="getHeaders" duration-ms="1234" started-at="2024-04-20T15:15:36Z" finished-at="2024-04-20T15:15:37Z">
          <reporter-output>
          </reporter-output>
        </test-method> <!-- getHeaders -->
        <test-method status="PASS" signature="testHeaders()[pri:0, instance:RestAssuredTest.RestAssuredTest.cookiesAndHeaders@12d4bf7e]" name="testHeaders" duration-ms="516" started-at="2024-04-20T15:15:37Z" finished-at="2024-04-20T15:15:38Z">
          <reporter-output>
          </reporter-output>
        </test-method> <!-- testHeaders -->
      </class> <!-- RestAssuredTest.RestAssuredTest.cookiesAndHeaders -->
      <class name="RestAssuredTest.RestAssuredTest.HttpRequest">
        <test-method status="PASS" signature="createUser()[pri:2, instance:RestAssuredTest.RestAssuredTest.HttpRequest@4c1d9d4b]" name="createUser" duration-ms="2017" started-at="2024-04-20T15:15:38Z" finished-at="2024-04-20T15:15:40Z">
          <reporter-output>
          </reporter-output>
        </test-method> <!-- createUser -->
      </class> <!-- RestAssuredTest.RestAssuredTest.HttpRequest -->
    </test> <!-- Test -->
  </suite> <!-- Suite -->
</testng-results>
